Arguments: 
  C:\Program Files\nodejs\node.exe C:\Program Files\nodejs\node_modules\yarn\bin\yarn.js

PATH: 
  C:\Users\SUPORTE-TI\bin;C:\Program Files\Git\mingw64\bin;C:\Program Files\Git\usr\local\bin;C:\Program Files\Git\usr\bin;C:\Program Files\Git\usr\bin;C:\Program Files\Git\mingw64\bin;C:\Program Files\Git\usr\bin;C:\Users\SUPORTE-TI\bin;C:\Windows\system32;C:\Windows;C:\Windows\System32\Wbem;C:\Windows\System32\WindowsPowerShell\v1.0;C:\Windows\System32\OpenSSH;C:\Program Files\Git\cmd;C:\Program Files (x86)\Microsoft SQL Server\110\Tools\Binn;C:\Program Files\Microsoft SQL Server\110\Tools\Binn;C:\Program Files\Microsoft SQL Server\110\DTS\Binn;C:\ProgramData\chocolatey\bin;C:\Program Files\OpenJDK\openjdk-11.0.15_10\bin;C:\Users\SUPORTE-TI\AppData\Roaming\nvm;C:\Program Files\nodejs;C:\Program Files (x86)\Yarn\bin;C:\Program Files\Docker\Docker\resources\bin;C:\ProgramData\DockerDesktop\version-bin;C:\Users\SUPORTE-TI\AppData\Local\Microsoft\WindowsApps;C:\Users\SUPORTE-TI\AppData\Local\Programs\Microsoft VS Code\bin;C:\Users\SUPORTE-TI\AppData\Roaming\npm;C:\Users\SUPORTE-TI\AppData\Roaming\nvm;C:\Program Files\nodejs;C:\Users\SUPORTE-TI\AppData\Local\Yarn\bin;C:\Android\Sdk\emulator;C:\Android\Sdk\tools;C:\Android\Sdk\tools\bin;C:\Android\Sdk\platform-tools;C:\Program Files\Git\usr\bin\vendor_perl;C:\Program Files\Git\usr\bin\core_perl

Yarn version: 
  1.22.19

Node version: 
  14.19.1

Platform: 
  win32 x64

Trace: 
  Error: UNKNOWN: unknown error, copyfile 'C:\Users\SUPORTE-TI\AppData\Local\Yarn\Cache\v6\npm-is-binary-path-2.1.0-ea1f7f3b80f064236e83470f86c09c254fb45b09-integrity\node_modules\is-binary-path\index.d.ts' -> '\\wsl$\Ubuntu20.04LTS\home\leandson\development\readImpCartao\node_modules\is-binary-path\index.d.ts'

npm manifest: 
  {
    "name": "read-students-cartao",
    "version": "1.0.0",
    "main": "index.js",
    "license": "MIT",
    "scripts": {
      "dev": "nodemon --inspect src/server.js",
      "api-shared": "npx localtunnel --port 3000 --subdomain api-shared"
    },
    "dependencies": {
      "@prisma/client": "^3.8.1",
      "cors": "^2.8.5",
      "ejs": "^3.1.8",
      "express": "^4.17.2",
      "html-pdf": "^3.0.1",
      "multer": "^1.4.4",
      "puppeteer": "^14.1.1",
      "qrcode": "^1.5.0",
      "xlsx": "^0.18.3"
    },
    "devDependencies": {
      "nodemon": "^2.0.15",
      "prisma": "^3.8.1"
    }
  }

yarn manifest: 
  No manifest

Lockfile: 
  No lockfile
